{"C:\\Projects\\micro-cert-certificate\\dist\\models\\CertifiedEntity.js": {"path":"C:\\Projects\\micro-cert-certificate\\dist\\models\\CertifiedEntity.js","statementMap":{"0":{"start":{"line":2,"column":0},"end":{"line":2,"column":62}},"1":{"start":{"line":12,"column":8},"end":{"line":12,"column":25}},"2":{"start":{"line":19,"column":8},"end":{"line":19,"column":25}},"3":{"start":{"line":22,"column":0},"end":{"line":22,"column":34}}},"fnMap":{"0":{"name":"(anonymous_0)","decl":{"start":{"line":11,"column":4},"end":{"line":11,"column":5}},"loc":{"start":{"line":11,"column":22},"end":{"line":13,"column":5}},"line":11},"1":{"name":"(anonymous_1)","decl":{"start":{"line":18,"column":4},"end":{"line":18,"column":5}},"loc":{"start":{"line":18,"column":15},"end":{"line":20,"column":5}},"line":18}},"branchMap":{},"s":{"0":1,"1":1,"2":1,"3":1},"f":{"0":1,"1":1},"b":{},"inputSourceMap":null,"_coverageSchema":"1a1c01bbd47fc00a2c39e90264f33305004495a9","hash":"c8fb0953e9285e45d21d4662ecb2cf85fbfb1a44"}
,"C:\\Projects\\micro-cert-certificate\\src\\models\\Certificate.ts": {"path":"C:\\Projects\\micro-cert-certificate\\src\\models\\Certificate.ts","statementMap":{"0":{"start":{"line":1,"column":0},"end":{"line":1,"column":28}},"1":{"start":{"line":2,"column":0},"end":{"line":2,"column":26}},"2":{"start":{"line":37,"column":6},"end":{"line":37,"column":33}},"3":{"start":{"line":38,"column":6},"end":{"line":38,"column":43}},"4":{"start":{"line":39,"column":6},"end":{"line":39,"column":39}},"5":{"start":{"line":40,"column":6},"end":{"line":40,"column":23}},"6":{"start":{"line":48,"column":6},"end":{"line":48,"column":80}},"7":{"start":{"line":56,"column":6},"end":{"line":56,"column":53}},"8":{"start":{"line":64,"column":6},"end":{"line":64,"column":33}},"9":{"start":{"line":72,"column":6},"end":{"line":72,"column":26}},"10":{"start":{"line":73,"column":19},"end":{"line":73,"column":34}},"11":{"start":{"line":74,"column":23},"end":{"line":74,"column":62}},"12":{"start":{"line":75,"column":32},"end":{"line":75,"column":59}},"13":{"start":{"line":76,"column":6},"end":{"line":76,"column":41}},"14":{"start":{"line":84,"column":19},"end":{"line":84,"column":34}},"15":{"start":{"line":85,"column":25},"end":{"line":91,"column":null}},"16":{"start":{"line":93,"column":6},"end":{"line":93,"column":24}},"17":{"start":{"line":101,"column":6},"end":{"line":101,"column":null}},"18":{"start":{"line":101,"column":49},"end":{"line":101,"column":62}},"19":{"start":{"line":103,"column":6},"end":{"line":116,"column":null}},"20":{"start":{"line":104,"column":23},"end":{"line":104,"column":79}},"21":{"start":{"line":105,"column":21},"end":{"line":105,"column":32}},"22":{"start":{"line":108,"column":8},"end":{"line":108,"column":null}},"23":{"start":{"line":108,"column":55},"end":{"line":108,"column":68}},"24":{"start":{"line":110,"column":8},"end":{"line":113,"column":null}},"25":{"start":{"line":110,"column":21},"end":{"line":110,"column":22}},"26":{"start":{"line":111,"column":22},"end":{"line":111,"column":29}},"27":{"start":{"line":112,"column":10},"end":{"line":112,"column":null}},"28":{"start":{"line":112,"column":40},"end":{"line":112,"column":52}},"29":{"start":{"line":115,"column":8},"end":{"line":115,"column":21}},"30":{"start":{"line":118,"column":6},"end":{"line":118,"column":19}},"31":{"start":{"line":128,"column":10},"end":{"line":128,"column":14}},"32":{"start":{"line":129,"column":34},"end":{"line":131,"column":8}},"33":{"start":{"line":132,"column":6},"end":{"line":132,"column":49}},"34":{"start":{"line":140,"column":6},"end":{"line":140,"column":42}},"35":{"start":{"line":144,"column":0},"end":{"line":144,"column":27}}},"fnMap":{"0":{"name":"(anonymous_8)","decl":{"start":{"line":36,"column":4},"end":{"line":36,"column":16}},"loc":{"start":{"line":36,"column":85},"end":{"line":41,"column":5}}},"1":{"name":"(anonymous_9)","decl":{"start":{"line":47,"column":12},"end":{"line":47,"column":24}},"loc":{"start":{"line":47,"column":49},"end":{"line":49,"column":5}}},"2":{"name":"(anonymous_10)","decl":{"start":{"line":55,"column":11},"end":{"line":55,"column":32}},"loc":{"start":{"line":55,"column":60},"end":{"line":57,"column":5}}},"3":{"name":"(anonymous_11)","decl":{"start":{"line":63,"column":11},"end":{"line":63,"column":23}},"loc":{"start":{"line":63,"column":41},"end":{"line":65,"column":5}}},"4":{"name":"(anonymous_12)","decl":{"start":{"line":71,"column":11},"end":{"line":71,"column":15}},"loc":{"start":{"line":71,"column":34},"end":{"line":77,"column":5}}},"5":{"name":"(anonymous_13)","decl":{"start":{"line":83,"column":11},"end":{"line":83,"column":17}},"loc":{"start":{"line":83,"column":17},"end":{"line":94,"column":5}}},"6":{"name":"(anonymous_14)","decl":{"start":{"line":100,"column":17},"end":{"line":100,"column":41}},"loc":{"start":{"line":100,"column":41},"end":{"line":119,"column":null}}},"7":{"name":"(anonymous_16)","decl":{"start":{"line":125,"column":11},"end":{"line":125,"column":19}},"loc":{"start":{"line":125,"column":19},"end":{"line":133,"column":5}}},"8":{"name":"(anonymous_17)","decl":{"start":{"line":139,"column":11},"end":{"line":139,"column":19}},"loc":{"start":{"line":139,"column":19},"end":{"line":141,"column":5}}}},"branchMap":{"0":{"loc":{"start":{"line":47,"column":45},"end":{"line":47,"column":49}},"type":"default-arg","locations":[{"start":{"line":47,"column":45},"end":{"line":47,"column":49}}]},"1":{"loc":{"start":{"line":48,"column":46},"end":{"line":48,"column":55}},"type":"cond-expr","locations":[{"start":{"line":48,"column":46},"end":{"line":48,"column":55}},{"start":{"line":48,"column":58},"end":{"line":48,"column":79}}]},"2":{"loc":{"start":{"line":101,"column":6},"end":{"line":101,"column":null}},"type":"if","locations":[{"start":{"line":101,"column":6},"end":{"line":101,"column":null}},{"start":{"line":101,"column":6},"end":{"line":101,"column":null}}]},"3":{"loc":{"start":{"line":108,"column":8},"end":{"line":108,"column":null}},"type":"if","locations":[{"start":{"line":108,"column":8},"end":{"line":108,"column":null}},{"start":{"line":108,"column":8},"end":{"line":108,"column":null}}]},"4":{"loc":{"start":{"line":108,"column":12},"end":{"line":108,"column":36}},"type":"binary-expr","locations":[{"start":{"line":108,"column":12},"end":{"line":108,"column":36}},{"start":{"line":108,"column":40},"end":{"line":108,"column":51}}]},"5":{"loc":{"start":{"line":112,"column":10},"end":{"line":112,"column":null}},"type":"if","locations":[{"start":{"line":112,"column":10},"end":{"line":112,"column":null}},{"start":{"line":112,"column":10},"end":{"line":112,"column":null}}]}},"s":{"0":1,"1":1,"2":1,"3":1,"4":1,"5":1,"6":1,"7":0,"8":0,"9":1,"10":1,"11":1,"12":1,"13":1,"14":1,"15":1,"16":1,"17":0,"18":0,"19":0,"20":0,"21":0,"22":0,"23":0,"24":0,"25":0,"26":0,"27":0,"28":0,"29":0,"30":0,"31":2,"32":2,"33":2,"34":2,"35":1},"f":{"0":1,"1":1,"2":0,"3":0,"4":1,"5":1,"6":0,"7":2,"8":2},"b":{"0":[1],"1":[0,1],"2":[0,0],"3":[0,0],"4":[0,0],"5":[0,0]}}
,"C:\\Projects\\micro-cert-certificate\\src\\models\\CertificationEntity.ts": {"path":"C:\\Projects\\micro-cert-certificate\\src\\models\\CertificationEntity.ts","statementMap":{"0":{"start":{"line":1,"column":0},"end":{"line":1,"column":28}},"1":{"start":{"line":8,"column":12},"end":{"line":8,"column":30}},"2":{"start":{"line":11,"column":12},"end":{"line":11,"column":35}},"3":{"start":{"line":14,"column":12},"end":{"line":14,"column":36}},"4":{"start":{"line":17,"column":12},"end":{"line":17,"column":45}},"5":{"start":{"line":24,"column":6},"end":{"line":24,"column":23}},"6":{"start":{"line":33,"column":6},"end":{"line":33,"column":33}},"7":{"start":{"line":34,"column":6},"end":{"line":34,"column":35}},"8":{"start":{"line":42,"column":6},"end":{"line":42,"column":53}},"9":{"start":{"line":49,"column":40},"end":{"line":51,"column":8}},"10":{"start":{"line":53,"column":30},"end":{"line":53,"column":91}},"11":{"start":{"line":54,"column":31},"end":{"line":54,"column":93}},"12":{"start":{"line":56,"column":6},"end":{"line":56,"column":41}},"13":{"start":{"line":57,"column":6},"end":{"line":57,"column":39}},"14":{"start":{"line":65,"column":6},"end":{"line":65,"column":29}},"15":{"start":{"line":73,"column":6},"end":{"line":73,"column":28}},"16":{"start":{"line":81,"column":6},"end":{"line":81,"column":38}},"17":{"start":{"line":89,"column":6},"end":{"line":89,"column":58}},"18":{"start":{"line":93,"column":0},"end":{"line":93,"column":35}}},"fnMap":{"0":{"name":"(anonymous_1)","decl":{"start":{"line":23,"column":4},"end":{"line":23,"column":16}},"loc":{"start":{"line":23,"column":28},"end":{"line":25,"column":5}}},"1":{"name":"(anonymous_2)","decl":{"start":{"line":32,"column":4},"end":{"line":32,"column":12}},"loc":{"start":{"line":32,"column":50},"end":{"line":35,"column":5}}},"2":{"name":"(anonymous_3)","decl":{"start":{"line":41,"column":4},"end":{"line":41,"column":26}},"loc":{"start":{"line":41,"column":54},"end":{"line":43,"column":5}}},"3":{"name":"(anonymous_4)","decl":{"start":{"line":48,"column":4},"end":{"line":48,"column":16}},"loc":{"start":{"line":48,"column":16},"end":{"line":58,"column":5}}},"4":{"name":"(anonymous_5)","decl":{"start":{"line":64,"column":4},"end":{"line":64,"column":17}},"loc":{"start":{"line":64,"column":17},"end":{"line":66,"column":5}}},"5":{"name":"(anonymous_6)","decl":{"start":{"line":72,"column":4},"end":{"line":72,"column":16}},"loc":{"start":{"line":72,"column":16},"end":{"line":74,"column":5}}},"6":{"name":"(anonymous_7)","decl":{"start":{"line":80,"column":4},"end":{"line":80,"column":26}},"loc":{"start":{"line":80,"column":26},"end":{"line":82,"column":5}}},"7":{"name":"(anonymous_8)","decl":{"start":{"line":88,"column":4},"end":{"line":88,"column":12}},"loc":{"start":{"line":88,"column":12},"end":{"line":90,"column":5}}}},"branchMap":{},"s":{"0":2,"1":5,"2":5,"3":5,"4":5,"5":5,"6":1,"7":1,"8":1,"9":2,"10":2,"11":2,"12":2,"13":2,"14":4,"15":4,"16":0,"17":1,"18":2},"f":{"0":5,"1":1,"2":1,"3":2,"4":4,"5":4,"6":0,"7":1},"b":{}}
,"C:\\Projects\\micro-cert-certificate\\src\\models\\CertifiedEntity.ts": {"path":"C:\\Projects\\micro-cert-certificate\\src\\models\\CertifiedEntity.ts","statementMap":{"0":{"start":{"line":13,"column":6},"end":{"line":13,"column":23}},"1":{"start":{"line":21,"column":6},"end":{"line":21,"column":23}},"2":{"start":{"line":25,"column":0},"end":{"line":25,"column":31}}},"fnMap":{"0":{"name":"(anonymous_0)","decl":{"start":{"line":12,"column":4},"end":{"line":12,"column":16}},"loc":{"start":{"line":12,"column":28},"end":{"line":14,"column":5}}},"1":{"name":"(anonymous_1)","decl":{"start":{"line":20,"column":4},"end":{"line":20,"column":12}},"loc":{"start":{"line":20,"column":12},"end":{"line":22,"column":5}}}},"branchMap":{},"s":{"0":1,"1":1,"2":1},"f":{"0":1,"1":1},"b":{}}
}
