TN:
SF:dist\models\CertifiedEntity.js
FN:11,(anonymous_0)
FN:18,(anonymous_1)
FNF:2
FNH:2
FNDA:1,(anonymous_0)
FNDA:1,(anonymous_1)
DA:2,1
DA:12,1
DA:19,1
DA:22,1
LF:4
LH:4
BRF:0
BRH:0
end_of_record
TN:
SF:src\models\Certificate.ts
FN:36,(anonymous_8)
FN:47,(anonymous_9)
FN:55,(anonymous_10)
FN:63,(anonymous_11)
FN:71,(anonymous_12)
FN:83,(anonymous_13)
FN:100,(anonymous_14)
FN:125,(anonymous_16)
FN:139,(anonymous_17)
FNF:9
FNH:6
FNDA:1,(anonymous_8)
FNDA:1,(anonymous_9)
FNDA:0,(anonymous_10)
FNDA:0,(anonymous_11)
FNDA:1,(anonymous_12)
FNDA:1,(anonymous_13)
FNDA:0,(anonymous_14)
FNDA:2,(anonymous_16)
FNDA:2,(anonymous_17)
DA:1,1
DA:2,1
DA:37,1
DA:38,1
DA:39,1
DA:40,1
DA:48,1
DA:56,0
DA:64,0
DA:72,1
DA:73,1
DA:74,1
DA:75,1
DA:76,1
DA:84,1
DA:85,1
DA:93,1
DA:101,0
DA:103,0
DA:104,0
DA:105,0
DA:108,0
DA:110,0
DA:111,0
DA:112,0
DA:115,0
DA:118,0
DA:128,2
DA:129,2
DA:132,2
DA:140,2
DA:144,1
LF:32
LH:20
BRDA:47,0,0,1
BRDA:48,1,0,0
BRDA:48,1,1,1
BRDA:101,2,0,0
BRDA:101,2,1,0
BRDA:108,3,0,0
BRDA:108,3,1,0
BRDA:108,4,0,0
BRDA:108,4,1,0
BRDA:112,5,0,0
BRDA:112,5,1,0
BRF:11
BRH:2
end_of_record
TN:
SF:src\models\CertificationEntity.ts
FN:23,(anonymous_1)
FN:32,(anonymous_2)
FN:41,(anonymous_3)
FN:48,(anonymous_4)
FN:64,(anonymous_5)
FN:72,(anonymous_6)
FN:80,(anonymous_7)
FN:88,(anonymous_8)
FNF:8
FNH:7
FNDA:5,(anonymous_1)
FNDA:1,(anonymous_2)
FNDA:1,(anonymous_3)
FNDA:2,(anonymous_4)
FNDA:4,(anonymous_5)
FNDA:4,(anonymous_6)
FNDA:0,(anonymous_7)
FNDA:1,(anonymous_8)
DA:1,2
DA:8,5
DA:11,5
DA:14,5
DA:17,5
DA:24,5
DA:33,1
DA:34,1
DA:42,1
DA:49,2
DA:53,2
DA:54,2
DA:56,2
DA:57,2
DA:65,4
DA:73,4
DA:81,0
DA:89,1
DA:93,2
LF:19
LH:18
BRF:0
BRH:0
end_of_record
TN:
SF:src\models\CertifiedEntity.ts
FN:12,(anonymous_0)
FN:20,(anonymous_1)
FNF:2
FNH:2
FNDA:1,(anonymous_0)
FNDA:1,(anonymous_1)
DA:13,1
DA:21,1
DA:25,1
LF:3
LH:3
BRF:0
BRH:0
end_of_record
